   0  $accept : prog $end

   1  $$1 :

   2  prog : $$1 dList mainF

   3  $$2 :

   4  $$3 :

   5  mainF : VOID MAIN '(' ')' $$2 '{' lcmd $$3 '}'

   6  dList : decl dList
   7        |

   8  decl : type ID ';'

   9  type : INT
  10       | FLOAT
  11       | BOOL

  12  lcmd : lcmd cmd
  13       |

  14  cmd : ID '=' exp ';'
  15      | '{' lcmd '}'
  16      | exp ';'
  17      | WRITE '(' LIT ')' ';'

  18  $$4 :

  19  cmd : WRITE '(' LIT $$4 ',' exp ')' ';'
  20      | READ '(' ID ')' ';'

  21  $$5 :

  22  $$6 :

  23  cmd : WHILE $$5 '(' exp ')' $$6 cmd

  24  $$7 :

  25  cmd : IF '(' exp $$7 ')' cmd restoIf

  26  $$8 :

  27  restoIf : ELSE $$8 cmd
  28          |

  29  exp : NUM
  30      | TRUE
  31      | FALSE
  32      | ID
  33      | '(' exp ')'
  34      | '!' exp
  35      | exp '+' exp
  36      | exp '-' exp
  37      | exp '*' exp
  38      | exp '/' exp
  39      | exp '%' exp
  40      | exp '>' exp
  41      | exp '<' exp
  42      | exp EQ exp
  43      | exp LEQ exp
  44      | exp GEQ exp
  45      | exp NEQ exp
  46      | exp OR exp
  47      | exp AND exp
  48      | ID '=' exp
  49      | ID SEQ exp
  50      | ID MEQ exp
  51      | INC ID
  52      | DEC ID
  53      | ID INC
  54      | ID DEC

state 0
	$accept : . prog $end  (0)
	$$1 : .  (1)

	.  reduce 1

	prog  goto 1
	$$1  goto 2


state 1
	$accept : prog . $end  (0)

	$end  accept


state 2
	prog : $$1 . dList mainF  (2)
	dList : .  (7)

	INT  shift 3
	FLOAT  shift 4
	BOOL  shift 5
	VOID  reduce 7

	type  goto 6
	dList  goto 7
	decl  goto 8


state 3
	type : INT .  (9)

	.  reduce 9


state 4
	type : FLOAT .  (10)

	.  reduce 10


state 5
	type : BOOL .  (11)

	.  reduce 11


state 6
	decl : type . ID ';'  (8)

	ID  shift 9
	.  error


state 7
	prog : $$1 dList . mainF  (2)

	VOID  shift 10
	.  error

	mainF  goto 11


state 8
	dList : decl . dList  (6)
	dList : .  (7)

	INT  shift 3
	FLOAT  shift 4
	BOOL  shift 5
	VOID  reduce 7

	type  goto 6
	dList  goto 12
	decl  goto 8


state 9
	decl : type ID . ';'  (8)

	';'  shift 13
	.  error


state 10
	mainF : VOID . MAIN '(' ')' $$2 '{' lcmd $$3 '}'  (5)

	MAIN  shift 14
	.  error


state 11
	prog : $$1 dList mainF .  (2)

	.  reduce 2


state 12
	dList : decl dList .  (6)

	.  reduce 6


state 13
	decl : type ID ';' .  (8)

	.  reduce 8


state 14
	mainF : VOID MAIN . '(' ')' $$2 '{' lcmd $$3 '}'  (5)

	'('  shift 15
	.  error


state 15
	mainF : VOID MAIN '(' . ')' $$2 '{' lcmd $$3 '}'  (5)

	')'  shift 16
	.  error


state 16
	mainF : VOID MAIN '(' ')' . $$2 '{' lcmd $$3 '}'  (5)
	$$2 : .  (3)

	.  reduce 3

	$$2  goto 17


state 17
	mainF : VOID MAIN '(' ')' $$2 . '{' lcmd $$3 '}'  (5)

	'{'  shift 18
	.  error


state 18
	mainF : VOID MAIN '(' ')' $$2 '{' . lcmd $$3 '}'  (5)
	lcmd : .  (13)

	.  reduce 13

	lcmd  goto 19


state 19
	mainF : VOID MAIN '(' ')' $$2 '{' lcmd . $$3 '}'  (5)
	lcmd : lcmd . cmd  (12)
	$$3 : .  (4)

	ID  shift 20
	NUM  shift 21
	READ  shift 22
	WRITE  shift 23
	IF  shift 24
	WHILE  shift 25
	TRUE  shift 26
	FALSE  shift 27
	INC  shift 28
	DEC  shift 29
	'!'  shift 30
	'('  shift 31
	'{'  shift 32
	'}'  reduce 4

	$$3  goto 33
	cmd  goto 34
	exp  goto 35


state 20
	cmd : ID . '=' exp ';'  (14)
	exp : ID .  (32)
	exp : ID . '=' exp  (48)
	exp : ID . SEQ exp  (49)
	exp : ID . MEQ exp  (50)
	exp : ID . INC  (53)
	exp : ID . DEC  (54)

	SEQ  shift 36
	MEQ  shift 37
	INC  shift 38
	DEC  shift 39
	'='  shift 40
	EQ  reduce 32
	LEQ  reduce 32
	GEQ  reduce 32
	NEQ  reduce 32
	AND  reduce 32
	OR  reduce 32
	'>'  reduce 32
	'<'  reduce 32
	'+'  reduce 32
	'-'  reduce 32
	'*'  reduce 32
	'/'  reduce 32
	'%'  reduce 32
	';'  reduce 32


state 21
	exp : NUM .  (29)

	.  reduce 29


state 22
	cmd : READ . '(' ID ')' ';'  (20)

	'('  shift 41
	.  error


state 23
	cmd : WRITE . '(' LIT ')' ';'  (17)
	cmd : WRITE . '(' LIT $$4 ',' exp ')' ';'  (19)

	'('  shift 42
	.  error


state 24
	cmd : IF . '(' exp $$7 ')' cmd restoIf  (25)

	'('  shift 43
	.  error


state 25
	cmd : WHILE . $$5 '(' exp ')' $$6 cmd  (23)
	$$5 : .  (21)

	.  reduce 21

	$$5  goto 44


state 26
	exp : TRUE .  (30)

	.  reduce 30


state 27
	exp : FALSE .  (31)

	.  reduce 31


state 28
	exp : INC . ID  (51)

	ID  shift 45
	.  error


state 29
	exp : DEC . ID  (52)

	ID  shift 46
	.  error


state 30
	exp : '!' . exp  (34)

	ID  shift 47
	NUM  shift 21
	TRUE  shift 26
	FALSE  shift 27
	INC  shift 28
	DEC  shift 29
	'!'  shift 30
	'('  shift 31
	.  error

	exp  goto 48


state 31
	exp : '(' . exp ')'  (33)

	ID  shift 47
	NUM  shift 21
	TRUE  shift 26
	FALSE  shift 27
	INC  shift 28
	DEC  shift 29
	'!'  shift 30
	'('  shift 31
	.  error

	exp  goto 49


state 32
	cmd : '{' . lcmd '}'  (15)
	lcmd : .  (13)

	.  reduce 13

	lcmd  goto 50


state 33
	mainF : VOID MAIN '(' ')' $$2 '{' lcmd $$3 . '}'  (5)

	'}'  shift 51
	.  error


state 34
	lcmd : lcmd cmd .  (12)

	.  reduce 12


state 35
	cmd : exp . ';'  (16)
	exp : exp . '+' exp  (35)
	exp : exp . '-' exp  (36)
	exp : exp . '*' exp  (37)
	exp : exp . '/' exp  (38)
	exp : exp . '%' exp  (39)
	exp : exp . '>' exp  (40)
	exp : exp . '<' exp  (41)
	exp : exp . EQ exp  (42)
	exp : exp . LEQ exp  (43)
	exp : exp . GEQ exp  (44)
	exp : exp . NEQ exp  (45)
	exp : exp . OR exp  (46)
	exp : exp . AND exp  (47)

	EQ  shift 52
	LEQ  shift 53
	GEQ  shift 54
	NEQ  shift 55
	AND  shift 56
	OR  shift 57
	'>'  shift 58
	'<'  shift 59
	'+'  shift 60
	'-'  shift 61
	'*'  shift 62
	'/'  shift 63
	'%'  shift 64
	';'  shift 65
	.  error


state 36
	exp : ID SEQ . exp  (49)

	ID  shift 47
	NUM  shift 21
	TRUE  shift 26
	FALSE  shift 27
	INC  shift 28
	DEC  shift 29
	'!'  shift 30
	'('  shift 31
	.  error

	exp  goto 66


state 37
	exp : ID MEQ . exp  (50)

	ID  shift 47
	NUM  shift 21
	TRUE  shift 26
	FALSE  shift 27
	INC  shift 28
	DEC  shift 29
	'!'  shift 30
	'('  shift 31
	.  error

	exp  goto 67


state 38
	exp : ID INC .  (53)

	.  reduce 53


state 39
	exp : ID DEC .  (54)

	.  reduce 54


state 40
	cmd : ID '=' . exp ';'  (14)
	exp : ID '=' . exp  (48)

	ID  shift 47
	NUM  shift 21
	TRUE  shift 26
	FALSE  shift 27
	INC  shift 28
	DEC  shift 29
	'!'  shift 30
	'('  shift 31
	.  error

	exp  goto 68


state 41
	cmd : READ '(' . ID ')' ';'  (20)

	ID  shift 69
	.  error


state 42
	cmd : WRITE '(' . LIT ')' ';'  (17)
	cmd : WRITE '(' . LIT $$4 ',' exp ')' ';'  (19)

	LIT  shift 70
	.  error


state 43
	cmd : IF '(' . exp $$7 ')' cmd restoIf  (25)

	ID  shift 47
	NUM  shift 21
	TRUE  shift 26
	FALSE  shift 27
	INC  shift 28
	DEC  shift 29
	'!'  shift 30
	'('  shift 31
	.  error

	exp  goto 71


state 44
	cmd : WHILE $$5 . '(' exp ')' $$6 cmd  (23)

	'('  shift 72
	.  error


state 45
	exp : INC ID .  (51)

	.  reduce 51


state 46
	exp : DEC ID .  (52)

	.  reduce 52


state 47
	exp : ID .  (32)
	exp : ID . '=' exp  (48)
	exp : ID . SEQ exp  (49)
	exp : ID . MEQ exp  (50)
	exp : ID . INC  (53)
	exp : ID . DEC  (54)

	SEQ  shift 36
	MEQ  shift 37
	INC  shift 38
	DEC  shift 39
	'='  shift 73
	EQ  reduce 32
	LEQ  reduce 32
	GEQ  reduce 32
	NEQ  reduce 32
	AND  reduce 32
	OR  reduce 32
	'>'  reduce 32
	'<'  reduce 32
	'+'  reduce 32
	'-'  reduce 32
	'*'  reduce 32
	'/'  reduce 32
	'%'  reduce 32
	')'  reduce 32
	';'  reduce 32


state 48
	exp : '!' exp .  (34)
	exp : exp . '+' exp  (35)
	exp : exp . '-' exp  (36)
	exp : exp . '*' exp  (37)
	exp : exp . '/' exp  (38)
	exp : exp . '%' exp  (39)
	exp : exp . '>' exp  (40)
	exp : exp . '<' exp  (41)
	exp : exp . EQ exp  (42)
	exp : exp . LEQ exp  (43)
	exp : exp . GEQ exp  (44)
	exp : exp . NEQ exp  (45)
	exp : exp . OR exp  (46)
	exp : exp . AND exp  (47)

	.  reduce 34


state 49
	exp : '(' exp . ')'  (33)
	exp : exp . '+' exp  (35)
	exp : exp . '-' exp  (36)
	exp : exp . '*' exp  (37)
	exp : exp . '/' exp  (38)
	exp : exp . '%' exp  (39)
	exp : exp . '>' exp  (40)
	exp : exp . '<' exp  (41)
	exp : exp . EQ exp  (42)
	exp : exp . LEQ exp  (43)
	exp : exp . GEQ exp  (44)
	exp : exp . NEQ exp  (45)
	exp : exp . OR exp  (46)
	exp : exp . AND exp  (47)

	EQ  shift 52
	LEQ  shift 53
	GEQ  shift 54
	NEQ  shift 55
	AND  shift 56
	OR  shift 57
	'>'  shift 58
	'<'  shift 59
	'+'  shift 60
	'-'  shift 61
	'*'  shift 62
	'/'  shift 63
	'%'  shift 64
	')'  shift 74
	.  error


state 50
	lcmd : lcmd . cmd  (12)
	cmd : '{' lcmd . '}'  (15)

	ID  shift 20
	NUM  shift 21
	READ  shift 22
	WRITE  shift 23
	IF  shift 24
	WHILE  shift 25
	TRUE  shift 26
	FALSE  shift 27
	INC  shift 28
	DEC  shift 29
	'!'  shift 30
	'('  shift 31
	'{'  shift 32
	'}'  shift 75
	.  error

	cmd  goto 34
	exp  goto 35


state 51
	mainF : VOID MAIN '(' ')' $$2 '{' lcmd $$3 '}' .  (5)

	.  reduce 5


state 52
	exp : exp EQ . exp  (42)

	ID  shift 47
	NUM  shift 21
	TRUE  shift 26
	FALSE  shift 27
	INC  shift 28
	DEC  shift 29
	'!'  shift 30
	'('  shift 31
	.  error

	exp  goto 76


state 53
	exp : exp LEQ . exp  (43)

	ID  shift 47
	NUM  shift 21
	TRUE  shift 26
	FALSE  shift 27
	INC  shift 28
	DEC  shift 29
	'!'  shift 30
	'('  shift 31
	.  error

	exp  goto 77


state 54
	exp : exp GEQ . exp  (44)

	ID  shift 47
	NUM  shift 21
	TRUE  shift 26
	FALSE  shift 27
	INC  shift 28
	DEC  shift 29
	'!'  shift 30
	'('  shift 31
	.  error

	exp  goto 78


state 55
	exp : exp NEQ . exp  (45)

	ID  shift 47
	NUM  shift 21
	TRUE  shift 26
	FALSE  shift 27
	INC  shift 28
	DEC  shift 29
	'!'  shift 30
	'('  shift 31
	.  error

	exp  goto 79


state 56
	exp : exp AND . exp  (47)

	ID  shift 47
	NUM  shift 21
	TRUE  shift 26
	FALSE  shift 27
	INC  shift 28
	DEC  shift 29
	'!'  shift 30
	'('  shift 31
	.  error

	exp  goto 80


state 57
	exp : exp OR . exp  (46)

	ID  shift 47
	NUM  shift 21
	TRUE  shift 26
	FALSE  shift 27
	INC  shift 28
	DEC  shift 29
	'!'  shift 30
	'('  shift 31
	.  error

	exp  goto 81


state 58
	exp : exp '>' . exp  (40)

	ID  shift 47
	NUM  shift 21
	TRUE  shift 26
	FALSE  shift 27
	INC  shift 28
	DEC  shift 29
	'!'  shift 30
	'('  shift 31
	.  error

	exp  goto 82


state 59
	exp : exp '<' . exp  (41)

	ID  shift 47
	NUM  shift 21
	TRUE  shift 26
	FALSE  shift 27
	INC  shift 28
	DEC  shift 29
	'!'  shift 30
	'('  shift 31
	.  error

	exp  goto 83


state 60
	exp : exp '+' . exp  (35)

	ID  shift 47
	NUM  shift 21
	TRUE  shift 26
	FALSE  shift 27
	INC  shift 28
	DEC  shift 29
	'!'  shift 30
	'('  shift 31
	.  error

	exp  goto 84


state 61
	exp : exp '-' . exp  (36)

	ID  shift 47
	NUM  shift 21
	TRUE  shift 26
	FALSE  shift 27
	INC  shift 28
	DEC  shift 29
	'!'  shift 30
	'('  shift 31
	.  error

	exp  goto 85


state 62
	exp : exp '*' . exp  (37)

	ID  shift 47
	NUM  shift 21
	TRUE  shift 26
	FALSE  shift 27
	INC  shift 28
	DEC  shift 29
	'!'  shift 30
	'('  shift 31
	.  error

	exp  goto 86


state 63
	exp : exp '/' . exp  (38)

	ID  shift 47
	NUM  shift 21
	TRUE  shift 26
	FALSE  shift 27
	INC  shift 28
	DEC  shift 29
	'!'  shift 30
	'('  shift 31
	.  error

	exp  goto 87


state 64
	exp : exp '%' . exp  (39)

	ID  shift 47
	NUM  shift 21
	TRUE  shift 26
	FALSE  shift 27
	INC  shift 28
	DEC  shift 29
	'!'  shift 30
	'('  shift 31
	.  error

	exp  goto 88


state 65
	cmd : exp ';' .  (16)

	.  reduce 16


state 66
	exp : exp . '+' exp  (35)
	exp : exp . '-' exp  (36)
	exp : exp . '*' exp  (37)
	exp : exp . '/' exp  (38)
	exp : exp . '%' exp  (39)
	exp : exp . '>' exp  (40)
	exp : exp . '<' exp  (41)
	exp : exp . EQ exp  (42)
	exp : exp . LEQ exp  (43)
	exp : exp . GEQ exp  (44)
	exp : exp . NEQ exp  (45)
	exp : exp . OR exp  (46)
	exp : exp . AND exp  (47)
	exp : ID SEQ exp .  (49)

	EQ  shift 52
	LEQ  shift 53
	GEQ  shift 54
	NEQ  shift 55
	AND  shift 56
	OR  shift 57
	'>'  shift 58
	'<'  shift 59
	'+'  shift 60
	'-'  shift 61
	'*'  shift 62
	'/'  shift 63
	'%'  shift 64
	')'  reduce 49
	';'  reduce 49


state 67
	exp : exp . '+' exp  (35)
	exp : exp . '-' exp  (36)
	exp : exp . '*' exp  (37)
	exp : exp . '/' exp  (38)
	exp : exp . '%' exp  (39)
	exp : exp . '>' exp  (40)
	exp : exp . '<' exp  (41)
	exp : exp . EQ exp  (42)
	exp : exp . LEQ exp  (43)
	exp : exp . GEQ exp  (44)
	exp : exp . NEQ exp  (45)
	exp : exp . OR exp  (46)
	exp : exp . AND exp  (47)
	exp : ID MEQ exp .  (50)

	EQ  shift 52
	LEQ  shift 53
	GEQ  shift 54
	NEQ  shift 55
	AND  shift 56
	OR  shift 57
	'>'  shift 58
	'<'  shift 59
	'+'  shift 60
	'-'  shift 61
	'*'  shift 62
	'/'  shift 63
	'%'  shift 64
	')'  reduce 50
	';'  reduce 50


68: shift/reduce conflict (shift 89, reduce 48) on ';'
state 68
	cmd : ID '=' exp . ';'  (14)
	exp : exp . '+' exp  (35)
	exp : exp . '-' exp  (36)
	exp : exp . '*' exp  (37)
	exp : exp . '/' exp  (38)
	exp : exp . '%' exp  (39)
	exp : exp . '>' exp  (40)
	exp : exp . '<' exp  (41)
	exp : exp . EQ exp  (42)
	exp : exp . LEQ exp  (43)
	exp : exp . GEQ exp  (44)
	exp : exp . NEQ exp  (45)
	exp : exp . OR exp  (46)
	exp : exp . AND exp  (47)
	exp : ID '=' exp .  (48)

	EQ  shift 52
	LEQ  shift 53
	GEQ  shift 54
	NEQ  shift 55
	AND  shift 56
	OR  shift 57
	'>'  shift 58
	'<'  shift 59
	'+'  shift 60
	'-'  shift 61
	'*'  shift 62
	'/'  shift 63
	'%'  shift 64
	';'  shift 89


state 69
	cmd : READ '(' ID . ')' ';'  (20)

	')'  shift 90
	.  error


state 70
	cmd : WRITE '(' LIT . ')' ';'  (17)
	cmd : WRITE '(' LIT . $$4 ',' exp ')' ';'  (19)
	$$4 : .  (18)

	')'  shift 91
	','  reduce 18

	$$4  goto 92


state 71
	cmd : IF '(' exp . $$7 ')' cmd restoIf  (25)
	exp : exp . '+' exp  (35)
	exp : exp . '-' exp  (36)
	exp : exp . '*' exp  (37)
	exp : exp . '/' exp  (38)
	exp : exp . '%' exp  (39)
	exp : exp . '>' exp  (40)
	exp : exp . '<' exp  (41)
	exp : exp . EQ exp  (42)
	exp : exp . LEQ exp  (43)
	exp : exp . GEQ exp  (44)
	exp : exp . NEQ exp  (45)
	exp : exp . OR exp  (46)
	exp : exp . AND exp  (47)
	$$7 : .  (24)

	EQ  shift 52
	LEQ  shift 53
	GEQ  shift 54
	NEQ  shift 55
	AND  shift 56
	OR  shift 57
	'>'  shift 58
	'<'  shift 59
	'+'  shift 60
	'-'  shift 61
	'*'  shift 62
	'/'  shift 63
	'%'  shift 64
	')'  reduce 24

	$$7  goto 93


state 72
	cmd : WHILE $$5 '(' . exp ')' $$6 cmd  (23)

	ID  shift 47
	NUM  shift 21
	TRUE  shift 26
	FALSE  shift 27
	INC  shift 28
	DEC  shift 29
	'!'  shift 30
	'('  shift 31
	.  error

	exp  goto 94


state 73
	exp : ID '=' . exp  (48)

	ID  shift 47
	NUM  shift 21
	TRUE  shift 26
	FALSE  shift 27
	INC  shift 28
	DEC  shift 29
	'!'  shift 30
	'('  shift 31
	.  error

	exp  goto 95


state 74
	exp : '(' exp ')' .  (33)

	.  reduce 33


state 75
	cmd : '{' lcmd '}' .  (15)

	.  reduce 15


state 76
	exp : exp . '+' exp  (35)
	exp : exp . '-' exp  (36)
	exp : exp . '*' exp  (37)
	exp : exp . '/' exp  (38)
	exp : exp . '%' exp  (39)
	exp : exp . '>' exp  (40)
	exp : exp . '<' exp  (41)
	exp : exp . EQ exp  (42)
	exp : exp EQ exp .  (42)
	exp : exp . LEQ exp  (43)
	exp : exp . GEQ exp  (44)
	exp : exp . NEQ exp  (45)
	exp : exp . OR exp  (46)
	exp : exp . AND exp  (47)

	'+'  shift 60
	'-'  shift 61
	'*'  shift 62
	'/'  shift 63
	'%'  shift 64
	EQ  reduce 42
	LEQ  reduce 42
	GEQ  reduce 42
	NEQ  reduce 42
	AND  reduce 42
	OR  reduce 42
	'>'  reduce 42
	'<'  reduce 42
	')'  reduce 42
	';'  reduce 42


state 77
	exp : exp . '+' exp  (35)
	exp : exp . '-' exp  (36)
	exp : exp . '*' exp  (37)
	exp : exp . '/' exp  (38)
	exp : exp . '%' exp  (39)
	exp : exp . '>' exp  (40)
	exp : exp . '<' exp  (41)
	exp : exp . EQ exp  (42)
	exp : exp . LEQ exp  (43)
	exp : exp LEQ exp .  (43)
	exp : exp . GEQ exp  (44)
	exp : exp . NEQ exp  (45)
	exp : exp . OR exp  (46)
	exp : exp . AND exp  (47)

	'+'  shift 60
	'-'  shift 61
	'*'  shift 62
	'/'  shift 63
	'%'  shift 64
	EQ  reduce 43
	LEQ  reduce 43
	GEQ  reduce 43
	NEQ  reduce 43
	AND  reduce 43
	OR  reduce 43
	'>'  reduce 43
	'<'  reduce 43
	')'  reduce 43
	';'  reduce 43


state 78
	exp : exp . '+' exp  (35)
	exp : exp . '-' exp  (36)
	exp : exp . '*' exp  (37)
	exp : exp . '/' exp  (38)
	exp : exp . '%' exp  (39)
	exp : exp . '>' exp  (40)
	exp : exp . '<' exp  (41)
	exp : exp . EQ exp  (42)
	exp : exp . LEQ exp  (43)
	exp : exp . GEQ exp  (44)
	exp : exp GEQ exp .  (44)
	exp : exp . NEQ exp  (45)
	exp : exp . OR exp  (46)
	exp : exp . AND exp  (47)

	'+'  shift 60
	'-'  shift 61
	'*'  shift 62
	'/'  shift 63
	'%'  shift 64
	EQ  reduce 44
	LEQ  reduce 44
	GEQ  reduce 44
	NEQ  reduce 44
	AND  reduce 44
	OR  reduce 44
	'>'  reduce 44
	'<'  reduce 44
	')'  reduce 44
	';'  reduce 44


state 79
	exp : exp . '+' exp  (35)
	exp : exp . '-' exp  (36)
	exp : exp . '*' exp  (37)
	exp : exp . '/' exp  (38)
	exp : exp . '%' exp  (39)
	exp : exp . '>' exp  (40)
	exp : exp . '<' exp  (41)
	exp : exp . EQ exp  (42)
	exp : exp . LEQ exp  (43)
	exp : exp . GEQ exp  (44)
	exp : exp . NEQ exp  (45)
	exp : exp NEQ exp .  (45)
	exp : exp . OR exp  (46)
	exp : exp . AND exp  (47)

	'+'  shift 60
	'-'  shift 61
	'*'  shift 62
	'/'  shift 63
	'%'  shift 64
	EQ  reduce 45
	LEQ  reduce 45
	GEQ  reduce 45
	NEQ  reduce 45
	AND  reduce 45
	OR  reduce 45
	'>'  reduce 45
	'<'  reduce 45
	')'  reduce 45
	';'  reduce 45


state 80
	exp : exp . '+' exp  (35)
	exp : exp . '-' exp  (36)
	exp : exp . '*' exp  (37)
	exp : exp . '/' exp  (38)
	exp : exp . '%' exp  (39)
	exp : exp . '>' exp  (40)
	exp : exp . '<' exp  (41)
	exp : exp . EQ exp  (42)
	exp : exp . LEQ exp  (43)
	exp : exp . GEQ exp  (44)
	exp : exp . NEQ exp  (45)
	exp : exp . OR exp  (46)
	exp : exp . AND exp  (47)
	exp : exp AND exp .  (47)

	EQ  shift 52
	LEQ  shift 53
	GEQ  shift 54
	NEQ  shift 55
	'>'  shift 58
	'<'  shift 59
	'+'  shift 60
	'-'  shift 61
	'*'  shift 62
	'/'  shift 63
	'%'  shift 64
	AND  reduce 47
	OR  reduce 47
	')'  reduce 47
	';'  reduce 47


state 81
	exp : exp . '+' exp  (35)
	exp : exp . '-' exp  (36)
	exp : exp . '*' exp  (37)
	exp : exp . '/' exp  (38)
	exp : exp . '%' exp  (39)
	exp : exp . '>' exp  (40)
	exp : exp . '<' exp  (41)
	exp : exp . EQ exp  (42)
	exp : exp . LEQ exp  (43)
	exp : exp . GEQ exp  (44)
	exp : exp . NEQ exp  (45)
	exp : exp . OR exp  (46)
	exp : exp OR exp .  (46)
	exp : exp . AND exp  (47)

	EQ  shift 52
	LEQ  shift 53
	GEQ  shift 54
	NEQ  shift 55
	AND  shift 56
	'>'  shift 58
	'<'  shift 59
	'+'  shift 60
	'-'  shift 61
	'*'  shift 62
	'/'  shift 63
	'%'  shift 64
	OR  reduce 46
	')'  reduce 46
	';'  reduce 46


state 82
	exp : exp . '+' exp  (35)
	exp : exp . '-' exp  (36)
	exp : exp . '*' exp  (37)
	exp : exp . '/' exp  (38)
	exp : exp . '%' exp  (39)
	exp : exp . '>' exp  (40)
	exp : exp '>' exp .  (40)
	exp : exp . '<' exp  (41)
	exp : exp . EQ exp  (42)
	exp : exp . LEQ exp  (43)
	exp : exp . GEQ exp  (44)
	exp : exp . NEQ exp  (45)
	exp : exp . OR exp  (46)
	exp : exp . AND exp  (47)

	'+'  shift 60
	'-'  shift 61
	'*'  shift 62
	'/'  shift 63
	'%'  shift 64
	EQ  reduce 40
	LEQ  reduce 40
	GEQ  reduce 40
	NEQ  reduce 40
	AND  reduce 40
	OR  reduce 40
	'>'  reduce 40
	'<'  reduce 40
	')'  reduce 40
	';'  reduce 40


state 83
	exp : exp . '+' exp  (35)
	exp : exp . '-' exp  (36)
	exp : exp . '*' exp  (37)
	exp : exp . '/' exp  (38)
	exp : exp . '%' exp  (39)
	exp : exp . '>' exp  (40)
	exp : exp . '<' exp  (41)
	exp : exp '<' exp .  (41)
	exp : exp . EQ exp  (42)
	exp : exp . LEQ exp  (43)
	exp : exp . GEQ exp  (44)
	exp : exp . NEQ exp  (45)
	exp : exp . OR exp  (46)
	exp : exp . AND exp  (47)

	'+'  shift 60
	'-'  shift 61
	'*'  shift 62
	'/'  shift 63
	'%'  shift 64
	EQ  reduce 41
	LEQ  reduce 41
	GEQ  reduce 41
	NEQ  reduce 41
	AND  reduce 41
	OR  reduce 41
	'>'  reduce 41
	'<'  reduce 41
	')'  reduce 41
	';'  reduce 41


state 84
	exp : exp . '+' exp  (35)
	exp : exp '+' exp .  (35)
	exp : exp . '-' exp  (36)
	exp : exp . '*' exp  (37)
	exp : exp . '/' exp  (38)
	exp : exp . '%' exp  (39)
	exp : exp . '>' exp  (40)
	exp : exp . '<' exp  (41)
	exp : exp . EQ exp  (42)
	exp : exp . LEQ exp  (43)
	exp : exp . GEQ exp  (44)
	exp : exp . NEQ exp  (45)
	exp : exp . OR exp  (46)
	exp : exp . AND exp  (47)

	'*'  shift 62
	'/'  shift 63
	'%'  shift 64
	EQ  reduce 35
	LEQ  reduce 35
	GEQ  reduce 35
	NEQ  reduce 35
	AND  reduce 35
	OR  reduce 35
	'>'  reduce 35
	'<'  reduce 35
	'+'  reduce 35
	'-'  reduce 35
	')'  reduce 35
	';'  reduce 35


state 85
	exp : exp . '+' exp  (35)
	exp : exp . '-' exp  (36)
	exp : exp '-' exp .  (36)
	exp : exp . '*' exp  (37)
	exp : exp . '/' exp  (38)
	exp : exp . '%' exp  (39)
	exp : exp . '>' exp  (40)
	exp : exp . '<' exp  (41)
	exp : exp . EQ exp  (42)
	exp : exp . LEQ exp  (43)
	exp : exp . GEQ exp  (44)
	exp : exp . NEQ exp  (45)
	exp : exp . OR exp  (46)
	exp : exp . AND exp  (47)

	'*'  shift 62
	'/'  shift 63
	'%'  shift 64
	EQ  reduce 36
	LEQ  reduce 36
	GEQ  reduce 36
	NEQ  reduce 36
	AND  reduce 36
	OR  reduce 36
	'>'  reduce 36
	'<'  reduce 36
	'+'  reduce 36
	'-'  reduce 36
	')'  reduce 36
	';'  reduce 36


state 86
	exp : exp . '+' exp  (35)
	exp : exp . '-' exp  (36)
	exp : exp . '*' exp  (37)
	exp : exp '*' exp .  (37)
	exp : exp . '/' exp  (38)
	exp : exp . '%' exp  (39)
	exp : exp . '>' exp  (40)
	exp : exp . '<' exp  (41)
	exp : exp . EQ exp  (42)
	exp : exp . LEQ exp  (43)
	exp : exp . GEQ exp  (44)
	exp : exp . NEQ exp  (45)
	exp : exp . OR exp  (46)
	exp : exp . AND exp  (47)

	.  reduce 37


state 87
	exp : exp . '+' exp  (35)
	exp : exp . '-' exp  (36)
	exp : exp . '*' exp  (37)
	exp : exp . '/' exp  (38)
	exp : exp '/' exp .  (38)
	exp : exp . '%' exp  (39)
	exp : exp . '>' exp  (40)
	exp : exp . '<' exp  (41)
	exp : exp . EQ exp  (42)
	exp : exp . LEQ exp  (43)
	exp : exp . GEQ exp  (44)
	exp : exp . NEQ exp  (45)
	exp : exp . OR exp  (46)
	exp : exp . AND exp  (47)

	.  reduce 38


state 88
	exp : exp . '+' exp  (35)
	exp : exp . '-' exp  (36)
	exp : exp . '*' exp  (37)
	exp : exp . '/' exp  (38)
	exp : exp . '%' exp  (39)
	exp : exp '%' exp .  (39)
	exp : exp . '>' exp  (40)
	exp : exp . '<' exp  (41)
	exp : exp . EQ exp  (42)
	exp : exp . LEQ exp  (43)
	exp : exp . GEQ exp  (44)
	exp : exp . NEQ exp  (45)
	exp : exp . OR exp  (46)
	exp : exp . AND exp  (47)

	.  reduce 39


state 89
	cmd : ID '=' exp ';' .  (14)

	.  reduce 14


state 90
	cmd : READ '(' ID ')' . ';'  (20)

	';'  shift 96
	.  error


state 91
	cmd : WRITE '(' LIT ')' . ';'  (17)

	';'  shift 97
	.  error


state 92
	cmd : WRITE '(' LIT $$4 . ',' exp ')' ';'  (19)

	','  shift 98
	.  error


state 93
	cmd : IF '(' exp $$7 . ')' cmd restoIf  (25)

	')'  shift 99
	.  error


state 94
	cmd : WHILE $$5 '(' exp . ')' $$6 cmd  (23)
	exp : exp . '+' exp  (35)
	exp : exp . '-' exp  (36)
	exp : exp . '*' exp  (37)
	exp : exp . '/' exp  (38)
	exp : exp . '%' exp  (39)
	exp : exp . '>' exp  (40)
	exp : exp . '<' exp  (41)
	exp : exp . EQ exp  (42)
	exp : exp . LEQ exp  (43)
	exp : exp . GEQ exp  (44)
	exp : exp . NEQ exp  (45)
	exp : exp . OR exp  (46)
	exp : exp . AND exp  (47)

	EQ  shift 52
	LEQ  shift 53
	GEQ  shift 54
	NEQ  shift 55
	AND  shift 56
	OR  shift 57
	'>'  shift 58
	'<'  shift 59
	'+'  shift 60
	'-'  shift 61
	'*'  shift 62
	'/'  shift 63
	'%'  shift 64
	')'  shift 100
	.  error


state 95
	exp : exp . '+' exp  (35)
	exp : exp . '-' exp  (36)
	exp : exp . '*' exp  (37)
	exp : exp . '/' exp  (38)
	exp : exp . '%' exp  (39)
	exp : exp . '>' exp  (40)
	exp : exp . '<' exp  (41)
	exp : exp . EQ exp  (42)
	exp : exp . LEQ exp  (43)
	exp : exp . GEQ exp  (44)
	exp : exp . NEQ exp  (45)
	exp : exp . OR exp  (46)
	exp : exp . AND exp  (47)
	exp : ID '=' exp .  (48)

	EQ  shift 52
	LEQ  shift 53
	GEQ  shift 54
	NEQ  shift 55
	AND  shift 56
	OR  shift 57
	'>'  shift 58
	'<'  shift 59
	'+'  shift 60
	'-'  shift 61
	'*'  shift 62
	'/'  shift 63
	'%'  shift 64
	')'  reduce 48
	';'  reduce 48


state 96
	cmd : READ '(' ID ')' ';' .  (20)

	.  reduce 20


state 97
	cmd : WRITE '(' LIT ')' ';' .  (17)

	.  reduce 17


state 98
	cmd : WRITE '(' LIT $$4 ',' . exp ')' ';'  (19)

	ID  shift 47
	NUM  shift 21
	TRUE  shift 26
	FALSE  shift 27
	INC  shift 28
	DEC  shift 29
	'!'  shift 30
	'('  shift 31
	.  error

	exp  goto 101


state 99
	cmd : IF '(' exp $$7 ')' . cmd restoIf  (25)

	ID  shift 20
	NUM  shift 21
	READ  shift 22
	WRITE  shift 23
	IF  shift 24
	WHILE  shift 25
	TRUE  shift 26
	FALSE  shift 27
	INC  shift 28
	DEC  shift 29
	'!'  shift 30
	'('  shift 31
	'{'  shift 32
	.  error

	cmd  goto 102
	exp  goto 35


state 100
	cmd : WHILE $$5 '(' exp ')' . $$6 cmd  (23)
	$$6 : .  (22)

	.  reduce 22

	$$6  goto 103


state 101
	cmd : WRITE '(' LIT $$4 ',' exp . ')' ';'  (19)
	exp : exp . '+' exp  (35)
	exp : exp . '-' exp  (36)
	exp : exp . '*' exp  (37)
	exp : exp . '/' exp  (38)
	exp : exp . '%' exp  (39)
	exp : exp . '>' exp  (40)
	exp : exp . '<' exp  (41)
	exp : exp . EQ exp  (42)
	exp : exp . LEQ exp  (43)
	exp : exp . GEQ exp  (44)
	exp : exp . NEQ exp  (45)
	exp : exp . OR exp  (46)
	exp : exp . AND exp  (47)

	EQ  shift 52
	LEQ  shift 53
	GEQ  shift 54
	NEQ  shift 55
	AND  shift 56
	OR  shift 57
	'>'  shift 58
	'<'  shift 59
	'+'  shift 60
	'-'  shift 61
	'*'  shift 62
	'/'  shift 63
	'%'  shift 64
	')'  shift 104
	.  error


102: shift/reduce conflict (shift 105, reduce 28) on ELSE
state 102
	cmd : IF '(' exp $$7 ')' cmd . restoIf  (25)
	restoIf : .  (28)

	ELSE  shift 105
	ID  reduce 28
	NUM  reduce 28
	READ  reduce 28
	WRITE  reduce 28
	IF  reduce 28
	WHILE  reduce 28
	TRUE  reduce 28
	FALSE  reduce 28
	INC  reduce 28
	DEC  reduce 28
	'!'  reduce 28
	'('  reduce 28
	'{'  reduce 28
	'}'  reduce 28

	restoIf  goto 106


state 103
	cmd : WHILE $$5 '(' exp ')' $$6 . cmd  (23)

	ID  shift 20
	NUM  shift 21
	READ  shift 22
	WRITE  shift 23
	IF  shift 24
	WHILE  shift 25
	TRUE  shift 26
	FALSE  shift 27
	INC  shift 28
	DEC  shift 29
	'!'  shift 30
	'('  shift 31
	'{'  shift 32
	.  error

	cmd  goto 107
	exp  goto 35


state 104
	cmd : WRITE '(' LIT $$4 ',' exp ')' . ';'  (19)

	';'  shift 108
	.  error


state 105
	restoIf : ELSE . $$8 cmd  (27)
	$$8 : .  (26)

	.  reduce 26

	$$8  goto 109


state 106
	cmd : IF '(' exp $$7 ')' cmd restoIf .  (25)

	.  reduce 25


state 107
	cmd : WHILE $$5 '(' exp ')' $$6 cmd .  (23)

	.  reduce 23


state 108
	cmd : WRITE '(' LIT $$4 ',' exp ')' ';' .  (19)

	.  reduce 19


state 109
	restoIf : ELSE $$8 . cmd  (27)

	ID  shift 20
	NUM  shift 21
	READ  shift 22
	WRITE  shift 23
	IF  shift 24
	WHILE  shift 25
	TRUE  shift 26
	FALSE  shift 27
	INC  shift 28
	DEC  shift 29
	'!'  shift 30
	'('  shift 31
	'{'  shift 32
	.  error

	cmd  goto 110
	exp  goto 35


state 110
	restoIf : ELSE $$8 cmd .  (27)

	.  reduce 27


State 68 contains 1 shift/reduce conflict.
State 102 contains 1 shift/reduce conflict.


45 terminals, 18 nonterminals
55 grammar rules, 111 states
